<?xml version="1.0" encoding="UTF-8"?>
<testng-results skipped="0" failed="1" ignored="0" total="11" passed="10">
  <reporter-output>
  </reporter-output>
  <suite name="Surefire suite" duration-ms="37637" started-at="2020-10-12T20:24:43 MSK" finished-at="2020-10-12T20:25:21 MSK">
    <groups>
    </groups>
    <test name="Surefire test" duration-ms="37637" started-at="2020-10-12T20:24:43 MSK" finished-at="2020-10-12T20:25:21 MSK">
      <class name="PingTest">
        <test-method status="PASS" signature="BeforePing()[pri:0, instance:PingTest@cb644e]" name="BeforePing" is-config="true" duration-ms="1475" started-at="2020-10-12T20:25:16 MSK" finished-at="2020-10-12T20:25:18 MSK">
          <reporter-output>
          </reporter-output>
        </test-method> <!-- BeforePing -->
        <test-method status="PASS" signature="getBookId()[pri:0, instance:PingTest@cb644e]" name="getBookId" duration-ms="719" started-at="2020-10-12T20:25:18 MSK" finished-at="2020-10-12T20:25:19 MSK">
          <reporter-output>
          </reporter-output>
        </test-method> <!-- getBookId -->
        <test-method status="PASS" signature="BeforePing()[pri:0, instance:PingTest@cb644e]" name="BeforePing" is-config="true" duration-ms="1459" started-at="2020-10-12T20:25:19 MSK" finished-at="2020-10-12T20:25:20 MSK">
          <reporter-output>
          </reporter-output>
        </test-method> <!-- BeforePing -->
        <test-method status="PASS" signature="pingTest()[pri:0, instance:PingTest@cb644e]" name="pingTest" duration-ms="750" started-at="2020-10-12T20:25:20 MSK" finished-at="2020-10-12T20:25:21 MSK">
          <reporter-output>
          </reporter-output>
        </test-method> <!-- pingTest -->
      </class> <!-- PingTest -->
      <class name="BookingTests">
        <test-method status="PASS" signature="BeforePing()[pri:0, instance:BookingTests@5cb9f472]" name="BeforePing" is-config="true" duration-ms="2463" started-at="2020-10-12T20:24:43 MSK" finished-at="2020-10-12T20:24:46 MSK">
          <reporter-output>
          </reporter-output>
        </test-method> <!-- BeforePing -->
        <test-method status="PASS" signature="Before()[pri:0, instance:BookingTests@5cb9f472]" name="Before" is-config="true" duration-ms="1407" started-at="2020-10-12T20:24:46 MSK" finished-at="2020-10-12T20:24:47 MSK">
          <reporter-output>
          </reporter-output>
        </test-method> <!-- Before -->
        <test-method status="PASS" signature="DeleteBook()[pri:0, instance:BookingTests@5cb9f472]" name="DeleteBook" duration-ms="750" started-at="2020-10-12T20:24:47 MSK" finished-at="2020-10-12T20:24:48 MSK">
          <reporter-output>
          </reporter-output>
        </test-method> <!-- DeleteBook -->
        <test-method status="PASS" signature="BeforePing()[pri:0, instance:BookingTests@5cb9f472]" name="BeforePing" is-config="true" duration-ms="1464" started-at="2020-10-12T20:24:48 MSK" finished-at="2020-10-12T20:24:49 MSK">
          <reporter-output>
          </reporter-output>
        </test-method> <!-- BeforePing -->
        <test-method status="PASS" signature="Before()[pri:0, instance:BookingTests@5cb9f472]" name="Before" is-config="true" duration-ms="1449" started-at="2020-10-12T20:24:49 MSK" finished-at="2020-10-12T20:24:51 MSK">
          <reporter-output>
          </reporter-output>
        </test-method> <!-- Before -->
        <test-method status="PASS" signature="UpdateBook()[pri:0, instance:BookingTests@5cb9f472]" name="UpdateBook" duration-ms="719" started-at="2020-10-12T20:24:51 MSK" finished-at="2020-10-12T20:24:51 MSK">
          <reporter-output>
          </reporter-output>
        </test-method> <!-- UpdateBook -->
        <test-method status="PASS" signature="BeforePing()[pri:0, instance:BookingTests@5cb9f472]" name="BeforePing" is-config="true" duration-ms="1406" started-at="2020-10-12T20:24:51 MSK" finished-at="2020-10-12T20:24:53 MSK">
          <reporter-output>
          </reporter-output>
        </test-method> <!-- BeforePing -->
        <test-method status="PASS" signature="Before()[pri:0, instance:BookingTests@5cb9f472]" name="Before" is-config="true" duration-ms="1438" started-at="2020-10-12T20:24:53 MSK" finished-at="2020-10-12T20:24:54 MSK">
          <reporter-output>
          </reporter-output>
        </test-method> <!-- Before -->
        <test-method status="PASS" signature="getBook()[pri:0, instance:BookingTests@5cb9f472]" name="getBook" duration-ms="714" started-at="2020-10-12T20:24:54 MSK" finished-at="2020-10-12T20:24:55 MSK">
          <reporter-output>
          </reporter-output>
        </test-method> <!-- getBook -->
        <test-method status="PASS" signature="BeforePing()[pri:0, instance:BookingTests@5cb9f472]" name="BeforePing" is-config="true" duration-ms="1480" started-at="2020-10-12T20:24:55 MSK" finished-at="2020-10-12T20:24:57 MSK">
          <reporter-output>
          </reporter-output>
        </test-method> <!-- BeforePing -->
        <test-method status="PASS" signature="Before()[pri:0, instance:BookingTests@5cb9f472]" name="Before" is-config="true" duration-ms="1438" started-at="2020-10-12T20:24:57 MSK" finished-at="2020-10-12T20:24:58 MSK">
          <reporter-output>
          </reporter-output>
        </test-method> <!-- Before -->
        <test-method status="PASS" signature="getBookId()[pri:0, instance:BookingTests@5cb9f472]" name="getBookId" duration-ms="1062" started-at="2020-10-12T20:24:58 MSK" finished-at="2020-10-12T20:24:59 MSK">
          <reporter-output>
          </reporter-output>
        </test-method> <!-- getBookId -->
        <test-method status="PASS" signature="BeforePing()[pri:0, instance:BookingTests@5cb9f472]" name="BeforePing" is-config="true" duration-ms="1407" started-at="2020-10-12T20:24:59 MSK" finished-at="2020-10-12T20:25:00 MSK">
          <reporter-output>
          </reporter-output>
        </test-method> <!-- BeforePing -->
        <test-method status="PASS" signature="Before()[pri:0, instance:BookingTests@5cb9f472]" name="Before" is-config="true" duration-ms="1459" started-at="2020-10-12T20:25:00 MSK" finished-at="2020-10-12T20:25:02 MSK">
          <reporter-output>
          </reporter-output>
        </test-method> <!-- Before -->
        <test-method status="PASS" signature="getBookId1()[pri:0, instance:BookingTests@5cb9f472]" name="getBookId1" duration-ms="781" started-at="2020-10-12T20:25:02 MSK" finished-at="2020-10-12T20:25:03 MSK">
          <reporter-output>
          </reporter-output>
        </test-method> <!-- getBookId1 -->
        <test-method status="PASS" signature="BeforePing()[pri:0, instance:BookingTests@5cb9f472]" name="BeforePing" is-config="true" duration-ms="1453" started-at="2020-10-12T20:25:03 MSK" finished-at="2020-10-12T20:25:04 MSK">
          <reporter-output>
          </reporter-output>
        </test-method> <!-- BeforePing -->
        <test-method status="PASS" signature="Before()[pri:0, instance:BookingTests@5cb9f472]" name="Before" is-config="true" duration-ms="1445" started-at="2020-10-12T20:25:04 MSK" finished-at="2020-10-12T20:25:06 MSK">
          <reporter-output>
          </reporter-output>
        </test-method> <!-- Before -->
        <test-method status="PASS" signature="BeforePing()[pri:0, instance:BookingTests@5cb9f472]" name="BeforePing" is-config="true" duration-ms="1453" started-at="2020-10-12T20:25:06 MSK" finished-at="2020-10-12T20:25:07 MSK">
          <reporter-output>
          </reporter-output>
        </test-method> <!-- BeforePing -->
        <test-method status="PASS" signature="getBookWithSpecBuilder()[pri:0, instance:BookingTests@5cb9f472]" name="getBookWithSpecBuilder" duration-ms="0" started-at="2020-10-12T20:25:06 MSK" finished-at="2020-10-12T20:25:06 MSK">
          <reporter-output>
          </reporter-output>
        </test-method> <!-- getBookWithSpecBuilder -->
        <test-method status="PASS" signature="Before()[pri:0, instance:BookingTests@5cb9f472]" name="Before" is-config="true" duration-ms="1432" started-at="2020-10-12T20:25:07 MSK" finished-at="2020-10-12T20:25:08 MSK">
          <reporter-output>
          </reporter-output>
        </test-method> <!-- Before -->
        <test-method status="PASS" signature="postBook()[pri:0, instance:BookingTests@5cb9f472]" name="postBook" duration-ms="715" started-at="2020-10-12T20:25:08 MSK" finished-at="2020-10-12T20:25:09 MSK">
          <reporter-output>
          </reporter-output>
        </test-method> <!-- postBook -->
        <test-method status="PASS" signature="BeforePing()[pri:0, instance:BookingTests@5cb9f472]" name="BeforePing" is-config="true" duration-ms="1448" started-at="2020-10-12T20:25:09 MSK" finished-at="2020-10-12T20:25:11 MSK">
          <reporter-output>
          </reporter-output>
        </test-method> <!-- BeforePing -->
        <test-method status="PASS" signature="Before()[pri:0, instance:BookingTests@5cb9f472]" name="Before" is-config="true" duration-ms="1429" started-at="2020-10-12T20:25:11 MSK" finished-at="2020-10-12T20:25:12 MSK">
          <reporter-output>
          </reporter-output>
        </test-method> <!-- Before -->
        <test-method status="FAIL" signature="postBookSerialization()[pri:0, instance:BookingTests@5cb9f472]" name="postBookSerialization" duration-ms="719" started-at="2020-10-12T20:25:12 MSK" finished-at="2020-10-12T20:25:13 MSK">
          <exception class="java.lang.AssertionError">
            <message>
              <![CDATA[1 expectation failed.
Expected status code <200> but was <500>.
]]>
            </message>
            <full-stacktrace>
              <![CDATA[java.lang.AssertionError: 1 expectation failed.
Expected status code <200> but was <500>.

at sun.reflect.NativeConstructorAccessorImpl.newInstance0(Native Method)
at sun.reflect.NativeConstructorAccessorImpl.newInstance(Unknown Source)
at sun.reflect.DelegatingConstructorAccessorImpl.newInstance(Unknown Source)
at java.lang.reflect.Constructor.newInstance(Unknown Source)
at org.codehaus.groovy.reflection.CachedConstructor.invoke(CachedConstructor.java:72)
at org.codehaus.groovy.reflection.CachedConstructor.doConstructorInvoke(CachedConstructor.java:59)
at org.codehaus.groovy.runtime.callsite.ConstructorSite$ConstructorSiteNoUnwrap.callConstructor(ConstructorSite.java:84)
at org.codehaus.groovy.runtime.callsite.CallSiteArray.defaultCallConstructor(CallSiteArray.java:59)
at org.codehaus.groovy.runtime.callsite.AbstractCallSite.callConstructor(AbstractCallSite.java:263)
at org.codehaus.groovy.runtime.callsite.AbstractCallSite.callConstructor(AbstractCallSite.java:277)
at io.restassured.internal.ResponseSpecificationImpl$HamcrestAssertionClosure.validate(ResponseSpecificationImpl.groovy:493)
at io.restassured.internal.ResponseSpecificationImpl$HamcrestAssertionClosure$validate$1.call(Unknown Source)
at io.restassured.internal.ResponseSpecificationImpl.validateResponseIfRequired(ResponseSpecificationImpl.groovy:674)
at sun.reflect.GeneratedMethodAccessor135.invoke(Unknown Source)
at sun.reflect.DelegatingMethodAccessorImpl.invoke(Unknown Source)
at java.lang.reflect.Method.invoke(Unknown Source)
at org.codehaus.groovy.runtime.callsite.PlainObjectMetaMethodSite.doInvoke(PlainObjectMetaMethodSite.java:43)
at org.codehaus.groovy.runtime.callsite.PogoMetaMethodSite$PogoCachedMethodSiteNoUnwrapNoCoerce.invoke(PogoMetaMethodSite.java:193)
at org.codehaus.groovy.runtime.callsite.PogoMetaMethodSite.callCurrent(PogoMetaMethodSite.java:61)
at org.codehaus.groovy.runtime.callsite.AbstractCallSite.callCurrent(AbstractCallSite.java:185)
at io.restassured.internal.ResponseSpecificationImpl.statusCode(ResponseSpecificationImpl.groovy:126)
at io.restassured.specification.ResponseSpecification$statusCode$0.callCurrent(Unknown Source)
at io.restassured.internal.ResponseSpecificationImpl.statusCode(ResponseSpecificationImpl.groovy:134)
at io.restassured.internal.ValidatableResponseOptionsImpl.statusCode(ValidatableResponseOptionsImpl.java:89)
at io.restassured.internal.ValidatableResponseImpl.super$2$statusCode(ValidatableResponseImpl.groovy)
at sun.reflect.GeneratedMethodAccessor134.invoke(Unknown Source)
at sun.reflect.DelegatingMethodAccessorImpl.invoke(Unknown Source)
at java.lang.reflect.Method.invoke(Unknown Source)
at org.codehaus.groovy.reflection.CachedMethod.invoke(CachedMethod.java:107)
at groovy.lang.MetaMethod.doMethodInvoke(MetaMethod.java:323)
at groovy.lang.MetaClassImpl.invokeMethod(MetaClassImpl.java:1262)
at org.codehaus.groovy.runtime.ScriptBytecodeAdapter.invokeMethodOnSuperN(ScriptBytecodeAdapter.java:144)
at io.restassured.internal.ValidatableResponseImpl.statusCode(ValidatableResponseImpl.groovy:142)
at io.restassured.internal.ValidatableResponseImpl.statusCode(ValidatableResponseImpl.groovy)
at BookingTests.postBookSerialization(BookingTests.java:98)
at sun.reflect.NativeMethodAccessorImpl.invoke0(Native Method)
at sun.reflect.NativeMethodAccessorImpl.invoke(Unknown Source)
at sun.reflect.DelegatingMethodAccessorImpl.invoke(Unknown Source)
at java.lang.reflect.Method.invoke(Unknown Source)
at org.testng.internal.MethodInvocationHelper.invokeMethod(MethodInvocationHelper.java:133)
at org.testng.internal.TestInvoker.invokeMethod(TestInvoker.java:584)
at org.testng.internal.TestInvoker.invokeTestMethod(TestInvoker.java:172)
at org.testng.internal.MethodRunner.runInSequence(MethodRunner.java:46)
at org.testng.internal.TestInvoker$MethodInvocationAgent.invoke(TestInvoker.java:804)
at org.testng.internal.TestInvoker.invokeTestMethods(TestInvoker.java:145)
at org.testng.internal.TestMethodWorker.invokeTestMethods(TestMethodWorker.java:146)
at org.testng.internal.TestMethodWorker.run(TestMethodWorker.java:128)
at java.util.ArrayList.forEach(Unknown Source)
at org.testng.TestRunner.privateRun(TestRunner.java:770)
at org.testng.TestRunner.run(TestRunner.java:591)
at org.testng.SuiteRunner.runTest(SuiteRunner.java:402)
at org.testng.SuiteRunner.runSequentially(SuiteRunner.java:396)
at org.testng.SuiteRunner.privateRun(SuiteRunner.java:355)
at org.testng.SuiteRunner.run(SuiteRunner.java:304)
at org.testng.SuiteRunnerWorker.runSuite(SuiteRunnerWorker.java:53)
at org.testng.SuiteRunnerWorker.run(SuiteRunnerWorker.java:96)
at org.testng.TestNG.runSuitesSequentially(TestNG.java:1180)
at org.testng.TestNG.runSuitesLocally(TestNG.java:1102)
at org.testng.TestNG.runSuites(TestNG.java:1032)
at org.testng.TestNG.run(TestNG.java:1000)
at org.apache.maven.surefire.testng.TestNGExecutor.run(TestNGExecutor.java:136)
at org.apache.maven.surefire.testng.TestNGDirectoryTestSuite.executeMulti(TestNGDirectoryTestSuite.java:193)
at org.apache.maven.surefire.testng.TestNGDirectoryTestSuite.execute(TestNGDirectoryTestSuite.java:94)
at org.apache.maven.surefire.testng.TestNGProvider.invoke(TestNGProvider.java:145)
at org.apache.maven.surefire.booter.ForkedBooter.runSuitesInProcess(ForkedBooter.java:428)
at org.apache.maven.surefire.booter.ForkedBooter.execute(ForkedBooter.java:162)
at org.apache.maven.surefire.booter.ForkedBooter.run(ForkedBooter.java:562)
at org.apache.maven.surefire.booter.ForkedBooter.main(ForkedBooter.java:548)
]]>
            </full-stacktrace>
          </exception> <!-- java.lang.AssertionError -->
          <reporter-output>
          </reporter-output>
        </test-method> <!-- postBookSerialization -->
        <test-method status="PASS" signature="BeforePing()[pri:0, instance:BookingTests@5cb9f472]" name="BeforePing" is-config="true" duration-ms="1468" started-at="2020-10-12T20:25:13 MSK" finished-at="2020-10-12T20:25:14 MSK">
          <reporter-output>
          </reporter-output>
        </test-method> <!-- BeforePing -->
        <test-method status="PASS" signature="Before()[pri:0, instance:BookingTests@5cb9f472]" name="Before" is-config="true" duration-ms="1454" started-at="2020-10-12T20:25:14 MSK" finished-at="2020-10-12T20:25:16 MSK">
          <reporter-output>
          </reporter-output>
        </test-method> <!-- Before -->
        <test-method status="PASS" signature="pingTest()[pri:0, instance:BookingTests@5cb9f472]" name="pingTest" duration-ms="750" started-at="2020-10-12T20:25:16 MSK" finished-at="2020-10-12T20:25:16 MSK">
          <reporter-output>
          </reporter-output>
        </test-method> <!-- pingTest -->
      </class> <!-- BookingTests -->
    </test> <!-- Surefire test -->
  </suite> <!-- Surefire suite -->
</testng-results>
