-------------------------------------------------------------------------------
Test set: TestSuite
-------------------------------------------------------------------------------
Tests run: 11, Failures: 1, Errors: 0, Skipped: 0, Time elapsed: 37.883 s <<< FAILURE! - in TestSuite
BookingTests.postBookSerialization  Time elapsed: 0.703 s  <<< FAILURE!
java.lang.AssertionError: 
1 expectation failed.
Expected status code <200> but was <500>.

	at BookingTests.postBookSerialization(BookingTests.java:98)

