<?xml version="1.0" encoding="UTF-8"?>
<testsuite xmlns:xsi="http://www.w3.org/2001/XMLSchema-instance" xsi:noNamespaceSchemaLocation="https://maven.apache.org/surefire/maven-surefire-plugin/xsd/surefire-test-report-3.0.xsd" version="3.0" name="TestSuite" time="37.883" tests="11" errors="0" skipped="0" failures="1">
  <properties>
[...]
</properties>
  <testcase name="DeleteBook" classname="BookingTests" time="0.719">
    <system-out><![CDATA[Configuring TestNG with: TestNG60Configurator
Request method:	POST
Request URI:	https://restful-booker.herokuapp.com/auth
Proxy:			<none>
Request params:	<none>
Query params:	<none>
Form params:	<none>
Path params:	<none>
Headers:		Accept=*/*
				Content-Type=application/json; charset=UTF-8
Cookies:		<none>
Multiparts:		<none>
Body:
{
    "username": "admin",
    "password": "password123"
}
io.restassured.internal.ValidatableResponseImpl@740abb5
Request method:	GET
Request URI:	https://restful-booker.herokuapp.com/ping
Proxy:			<none>
Request params:	<none>
Query params:	<none>
Form params:	<none>
Path params:	<none>
Headers:		Accept=*/*
				Content-Type=application/json; charset=UTF-8
Cookies:		<none>
Multiparts:		<none>
Body:			<none>
Created
Created
Request method:	POST
Request URI:	https://restful-booker.herokuapp.com/auth
Proxy:			<none>
Request params:	<none>
Query params:	<none>
Form params:	<none>
Path params:	<none>
Headers:		Accept=*/*
				Content-Type=application/json; charset=UTF-8
Cookies:		<none>
Multiparts:		<none>
Body:
{
    "username": "admin",
    "password": "password123"
}
io.restassured.internal.ValidatableResponseImpl@41c07648
Request method:	GET
Request URI:	https://restful-booker.herokuapp.com/ping
Proxy:			<none>
Request params:	<none>
Query params:	<none>
Form params:	<none>
Path params:	<none>
Headers:		Accept=*/*
				Content-Type=application/json; charset=UTF-8
Cookies:		<none>
Multiparts:		<none>
Body:			<none>
Created
Created
Request method:	DELETE
Request URI:	https://restful-booker.herokuapp.com/booking/1
Proxy:			<none>
Request params:	<none>
Query params:	<none>
Form params:	<none>
Path params:	<none>
Headers:		Accept=*/*
				Content-Type=application/json; charset=UTF-8
Cookies:		<none>
Multiparts:		<none>
Body:			<none>
Forbidden
Forbidden
]]></system-out>
  </testcase>
  <testcase name="UpdateBook" classname="BookingTests" time="0.687">
    <system-out><![CDATA[Request method:	POST
Request URI:	https://restful-booker.herokuapp.com/auth
Proxy:			<none>
Request params:	<none>
Query params:	<none>
Form params:	<none>
Path params:	<none>
Headers:		Accept=*/*
				Content-Type=application/json; charset=UTF-8
Cookies:		<none>
Multiparts:		<none>
Body:
{
    "username": "admin",
    "password": "password123"
}
io.restassured.internal.ValidatableResponseImpl@1b70203f
Request method:	GET
Request URI:	https://restful-booker.herokuapp.com/ping
Proxy:			<none>
Request params:	<none>
Query params:	<none>
Form params:	<none>
Path params:	<none>
Headers:		Accept=*/*
				Content-Type=application/json; charset=UTF-8
Cookies:		<none>
Multiparts:		<none>
Body:			<none>
Created
Created
Request method:	POST
Request URI:	https://restful-booker.herokuapp.com/auth
Proxy:			<none>
Request params:	<none>
Query params:	<none>
Form params:	<none>
Path params:	<none>
Headers:		Accept=*/*
				Content-Type=application/json; charset=UTF-8
Cookies:		<none>
Multiparts:		<none>
Body:
{
    "username": "admin",
    "password": "password123"
}
io.restassured.internal.ValidatableResponseImpl@2c30b71f
Request method:	GET
Request URI:	https://restful-booker.herokuapp.com/ping
Proxy:			<none>
Request params:	<none>
Query params:	<none>
Form params:	<none>
Path params:	<none>
Headers:		Accept=*/*
				Content-Type=application/json; charset=UTF-8
Cookies:		<none>
Multiparts:		<none>
Body:			<none>
Created
Created
Request method:	PUT
Request URI:	https://restful-booker.herokuapp.com/booking/1
Proxy:			<none>
Request params:	<none>
Query params:	<none>
Form params:	<none>
Path params:	<none>
Headers:		Accept=*/*
				Content-Type=application/json; charset=UTF-8
Cookies:		<none>
Multiparts:		<none>
Body:
{
    "firstname": "Jim",
    "lastname": "White",
    "totalprice": 1111,
    "depositpaid": true,
    "bookingdates": {
        "checkin": "2018-01-01",
        "checkout": "2020-01-01"
    },
    "additionalneeds": "Breakfast"
}
Forbidden
Forbidden
]]></system-out>
  </testcase>
  <testcase name="getBook" classname="BookingTests" time="0.73">
    <system-out><![CDATA[Request method:	POST
Request URI:	https://restful-booker.herokuapp.com/auth
Proxy:			<none>
Request params:	<none>
Query params:	<none>
Form params:	<none>
Path params:	<none>
Headers:		Accept=*/*
				Content-Type=application/json; charset=UTF-8
Cookies:		<none>
Multiparts:		<none>
Body:
{
    "username": "admin",
    "password": "password123"
}
io.restassured.internal.ValidatableResponseImpl@78c7f9b3
Request method:	GET
Request URI:	https://restful-booker.herokuapp.com/ping
Proxy:			<none>
Request params:	<none>
Query params:	<none>
Form params:	<none>
Path params:	<none>
Headers:		Accept=*/*
				Content-Type=application/json; charset=UTF-8
Cookies:		<none>
Multiparts:		<none>
Body:			<none>
Created
Created
Request method:	POST
Request URI:	https://restful-booker.herokuapp.com/auth
Proxy:			<none>
Request params:	<none>
Query params:	<none>
Form params:	<none>
Path params:	<none>
Headers:		Accept=*/*
				Content-Type=application/json; charset=UTF-8
Cookies:		<none>
Multiparts:		<none>
Body:
{
    "username": "admin",
    "password": "password123"
}
io.restassured.internal.ValidatableResponseImpl@4565a70a
Request method:	GET
Request URI:	https://restful-booker.herokuapp.com/ping
Proxy:			<none>
Request params:	<none>
Query params:	<none>
Form params:	<none>
Path params:	<none>
Headers:		Accept=*/*
				Content-Type=application/json; charset=UTF-8
Cookies:		<none>
Multiparts:		<none>
Body:			<none>
Created
Created
Request method:	GET
Request URI:	https://restful-booker.herokuapp.com/booking
Proxy:			<none>
Request params:	<none>
Query params:	<none>
Form params:	<none>
Path params:	<none>
Headers:		Accept=*/*
				Content-Type=application/json; charset=UTF-8
Cookies:		<none>
Multiparts:		<none>
Body:			<none>
[
    {
        "bookingid": 19
    },
    {
        "bookingid": 18
    },
    {
        "bookingid": 21
    },
    {
        "bookingid": 13
    },
    {
        "bookingid": 15
    },
    {
        "bookingid": 22
    },
    {
        "bookingid": 14
    },
    {
        "bookingid": 9
    },
    {
        "bookingid": 10
    },
    {
        "bookingid": 17
    },
    {
        "bookingid": 3
    },
    {
        "bookingid": 6
    },
    {
        "bookingid": 20
    },
    {
        "bookingid": 16
    },
    {
        "bookingid": 11
    },
    {
        "bookingid": 1
    },
    {
        "bookingid": 23
    },
    {
        "bookingid": 8
    },
    {
        "bookingid": 12
    },
    {
        "bookingid": 7
    },
    {
        "bookingid": 2
    },
    {
        "bookingid": 4
    },
    {
        "bookingid": 5
    },
    {
        "bookingid": 24
    }
]
[
    {
        "bookingid": 19
    },
    {
        "bookingid": 18
    },
    {
        "bookingid": 21
    },
    {
        "bookingid": 13
    },
    {
        "bookingid": 15
    },
    {
        "bookingid": 22
    },
    {
        "bookingid": 14
    },
    {
        "bookingid": 9
    },
    {
        "bookingid": 10
    },
    {
        "bookingid": 17
    },
    {
        "bookingid": 3
    },
    {
        "bookingid": 6
    },
    {
        "bookingid": 20
    },
    {
        "bookingid": 16
    },
    {
        "bookingid": 11
    },
    {
        "bookingid": 1
    },
    {
        "bookingid": 23
    },
    {
        "bookingid": 8
    },
    {
        "bookingid": 12
    },
    {
        "bookingid": 7
    },
    {
        "bookingid": 2
    },
    {
        "bookingid": 4
    },
    {
        "bookingid": 5
    },
    {
        "bookingid": 24
    }
]
]]></system-out>
  </testcase>
  <testcase name="getBookId" classname="BookingTests" time="1.094">
    <system-out><![CDATA[Request method:	POST
Request URI:	https://restful-booker.herokuapp.com/auth
Proxy:			<none>
Request params:	<none>
Query params:	<none>
Form params:	<none>
Path params:	<none>
Headers:		Accept=*/*
				Content-Type=application/json; charset=UTF-8
Cookies:		<none>
Multiparts:		<none>
Body:
{
    "username": "admin",
    "password": "password123"
}
io.restassured.internal.ValidatableResponseImpl@383790cf
Request method:	GET
Request URI:	https://restful-booker.herokuapp.com/ping
Proxy:			<none>
Request params:	<none>
Query params:	<none>
Form params:	<none>
Path params:	<none>
Headers:		Accept=*/*
				Content-Type=application/json; charset=UTF-8
Cookies:		<none>
Multiparts:		<none>
Body:			<none>
Created
Created
Request method:	POST
Request URI:	https://restful-booker.herokuapp.com/auth
Proxy:			<none>
Request params:	<none>
Query params:	<none>
Form params:	<none>
Path params:	<none>
Headers:		Accept=*/*
				Content-Type=application/json; charset=UTF-8
Cookies:		<none>
Multiparts:		<none>
Body:
{
    "username": "admin",
    "password": "password123"
}
io.restassured.internal.ValidatableResponseImpl@51e0301d
Request method:	GET
Request URI:	https://restful-booker.herokuapp.com/ping
Proxy:			<none>
Request params:	<none>
Query params:	<none>
Form params:	<none>
Path params:	<none>
Headers:		Accept=*/*
				Content-Type=application/json; charset=UTF-8
Cookies:		<none>
Multiparts:		<none>
Body:			<none>
Created
Created
Request method:	GET
Request URI:	https://restful-booker.herokuapp.com/booking
Proxy:			<none>
Request params:	<none>
Query params:	<none>
Form params:	<none>
Path params:	<none>
Headers:		Accept=*/*
				Content-Type=application/json; charset=UTF-8
Cookies:		<none>
Multiparts:		<none>
Body:			<none>
[
    {
        "bookingid": 19
    },
    {
        "bookingid": 18
    },
    {
        "bookingid": 21
    },
    {
        "bookingid": 13
    },
    {
        "bookingid": 15
    },
    {
        "bookingid": 22
    },
    {
        "bookingid": 14
    },
    {
        "bookingid": 9
    },
    {
        "bookingid": 10
    },
    {
        "bookingid": 17
    },
    {
        "bookingid": 3
    },
    {
        "bookingid": 6
    },
    {
        "bookingid": 20
    },
    {
        "bookingid": 16
    },
    {
        "bookingid": 11
    },
    {
        "bookingid": 1
    },
    {
        "bookingid": 23
    },
    {
        "bookingid": 8
    },
    {
        "bookingid": 12
    },
    {
        "bookingid": 7
    },
    {
        "bookingid": 2
    },
    {
        "bookingid": 4
    },
    {
        "bookingid": 5
    },
    {
        "bookingid": 24
    }
]
[
    {
        "bookingid": 19
    },
    {
        "bookingid": 18
    },
    {
        "bookingid": 21
    },
    {
        "bookingid": 13
    },
    {
        "bookingid": 15
    },
    {
        "bookingid": 22
    },
    {
        "bookingid": 14
    },
    {
        "bookingid": 9
    },
    {
        "bookingid": 10
    },
    {
        "bookingid": 17
    },
    {
        "bookingid": 3
    },
    {
        "bookingid": 6
    },
    {
        "bookingid": 20
    },
    {
        "bookingid": 16
    },
    {
        "bookingid": 11
    },
    {
        "bookingid": 1
    },
    {
        "bookingid": 23
    },
    {
        "bookingid": 8
    },
    {
        "bookingid": 12
    },
    {
        "bookingid": 7
    },
    {
        "bookingid": 2
    },
    {
        "bookingid": 4
    },
    {
        "bookingid": 5
    },
    {
        "bookingid": 24
    }
]
[null, null, null, null, null, null, null, null, null, null, null, null, null, null, null, null, null, null, null, null, null, null, null, null]
[null, null, null, null, null, null, null, null, null, null, null, null, null, null, null, null, null, null, null, null, null, null, null, null]
]]></system-out>
  </testcase>
  <testcase name="getBookId1" classname="BookingTests" time="0.75">
    <system-out><![CDATA[Request method:	POST
Request URI:	https://restful-booker.herokuapp.com/auth
Proxy:			<none>
Request params:	<none>
Query params:	<none>
Form params:	<none>
Path params:	<none>
Headers:		Accept=*/*
				Content-Type=application/json; charset=UTF-8
Cookies:		<none>
Multiparts:		<none>
Body:
{
    "username": "admin",
    "password": "password123"
}
io.restassured.internal.ValidatableResponseImpl@7903d448
Request method:	GET
Request URI:	https://restful-booker.herokuapp.com/ping
Proxy:			<none>
Request params:	<none>
Query params:	<none>
Form params:	<none>
Path params:	<none>
Headers:		Accept=*/*
				Content-Type=application/json; charset=UTF-8
Cookies:		<none>
Multiparts:		<none>
Body:			<none>
Created
Created
Request method:	POST
Request URI:	https://restful-booker.herokuapp.com/auth
Proxy:			<none>
Request params:	<none>
Query params:	<none>
Form params:	<none>
Path params:	<none>
Headers:		Accept=*/*
				Content-Type=application/json; charset=UTF-8
Cookies:		<none>
Multiparts:		<none>
Body:
{
    "username": "admin",
    "password": "password123"
}
io.restassured.internal.ValidatableResponseImpl@60bbacfc
Request method:	GET
Request URI:	https://restful-booker.herokuapp.com/ping
Proxy:			<none>
Request params:	<none>
Query params:	<none>
Form params:	<none>
Path params:	<none>
Headers:		Accept=*/*
				Content-Type=application/json; charset=UTF-8
Cookies:		<none>
Multiparts:		<none>
Body:			<none>
Created
Created
Request method:	GET
Request URI:	https://restful-booker.herokuapp.com/booking/1
Proxy:			<none>
Request params:	<none>
Query params:	<none>
Form params:	<none>
Path params:	<none>
Headers:		Accept=*/*
				Content-Type=application/json; charset=UTF-8
Cookies:		<none>
Multiparts:		<none>
Body:			<none>
{
    "firstname": "Susan",
    "lastname": "Jackson",
    "totalprice": 306,
    "depositpaid": true,
    "bookingdates": {
        "checkin": "2020-09-09",
        "checkout": "2020-10-05"
    },
    "additionalneeds": "Breakfast"
}
{
    "firstname": "Susan",
    "lastname": "Jackson",
    "totalprice": 306,
    "depositpaid": true,
    "bookingdates": {
        "checkin": "2020-09-09",
        "checkout": "2020-10-05"
    },
    "additionalneeds": "Breakfast"
}
]]></system-out>
  </testcase>
  <testcase name="getBookWithSpecBuilder" classname="BookingTests" time="0">
    <system-out><![CDATA[Request method:	POST
Request URI:	https://restful-booker.herokuapp.com/auth
Proxy:			<none>
Request params:	<none>
Query params:	<none>
Form params:	<none>
Path params:	<none>
Headers:		Accept=*/*
				Content-Type=application/json; charset=UTF-8
Cookies:		<none>
Multiparts:		<none>
Body:
{
    "username": "admin",
    "password": "password123"
}
io.restassured.internal.ValidatableResponseImpl@788ddc1f
Request method:	GET
Request URI:	https://restful-booker.herokuapp.com/ping
Proxy:			<none>
Request params:	<none>
Query params:	<none>
Form params:	<none>
Path params:	<none>
Headers:		Accept=*/*
				Content-Type=application/json; charset=UTF-8
Cookies:		<none>
Multiparts:		<none>
Body:			<none>
Created
Created
Request method:	POST
Request URI:	https://restful-booker.herokuapp.com/auth
Proxy:			<none>
Request params:	<none>
Query params:	<none>
Form params:	<none>
Path params:	<none>
Headers:		Accept=*/*
				Content-Type=application/json; charset=UTF-8
Cookies:		<none>
Multiparts:		<none>
Body:
{
    "username": "admin",
    "password": "password123"
}
io.restassured.internal.ValidatableResponseImpl@18578491
Request method:	GET
Request URI:	https://restful-booker.herokuapp.com/ping
Proxy:			<none>
Request params:	<none>
Query params:	<none>
Form params:	<none>
Path params:	<none>
Headers:		Accept=*/*
				Content-Type=application/json; charset=UTF-8
Cookies:		<none>
Multiparts:		<none>
Body:			<none>
Created
Created
]]></system-out>
  </testcase>
  <testcase name="postBook" classname="BookingTests" time="0.714">
    <system-out><![CDATA[Request method:	POST
Request URI:	https://restful-booker.herokuapp.com/auth
Proxy:			<none>
Request params:	<none>
Query params:	<none>
Form params:	<none>
Path params:	<none>
Headers:		Accept=*/*
				Content-Type=application/json; charset=UTF-8
Cookies:		<none>
Multiparts:		<none>
Body:
{
    "username": "admin",
    "password": "password123"
}
io.restassured.internal.ValidatableResponseImpl@201c3cda
Request method:	GET
Request URI:	https://restful-booker.herokuapp.com/ping
Proxy:			<none>
Request params:	<none>
Query params:	<none>
Form params:	<none>
Path params:	<none>
Headers:		Accept=*/*
				Content-Type=application/json; charset=UTF-8
Cookies:		<none>
Multiparts:		<none>
Body:			<none>
Created
Created
Request method:	POST
Request URI:	https://restful-booker.herokuapp.com/auth
Proxy:			<none>
Request params:	<none>
Query params:	<none>
Form params:	<none>
Path params:	<none>
Headers:		Accept=*/*
				Content-Type=application/json; charset=UTF-8
Cookies:		<none>
Multiparts:		<none>
Body:
{
    "username": "admin",
    "password": "password123"
}
io.restassured.internal.ValidatableResponseImpl@59b65dce
Request method:	GET
Request URI:	https://restful-booker.herokuapp.com/ping
Proxy:			<none>
Request params:	<none>
Query params:	<none>
Form params:	<none>
Path params:	<none>
Headers:		Accept=*/*
				Content-Type=application/json; charset=UTF-8
Cookies:		<none>
Multiparts:		<none>
Body:			<none>
Created
Created
Request method:	POST
Request URI:	https://restful-booker.herokuapp.com/booking
Proxy:			<none>
Request params:	<none>
Query params:	<none>
Form params:	<none>
Path params:	<none>
Headers:		Accept=*/*
				Content-Type=application/json; charset=UTF-8
Cookies:		<none>
Multiparts:		<none>
Body:
{
    "firstname": "Jim",
    "lastname": "Brown",
    "totalprice": 111,
    "depositpaid": true,
    "bookingdates": {
        "checkin": "2018-01-01",
        "checkout": "2019-01-01"
    },
    "additionalneeds": "Breakfast"
}
{
    "bookingid": 25,
    "booking": {
        "firstname": "Jim",
        "lastname": "Brown",
        "totalprice": 111,
        "depositpaid": true,
        "bookingdates": {
            "checkin": "2018-01-01",
            "checkout": "2019-01-01"
        },
        "additionalneeds": "Breakfast"
    }
}
{
    "bookingid": 25,
    "booking": {
        "firstname": "Jim",
        "lastname": "Brown",
        "totalprice": 111,
        "depositpaid": true,
        "bookingdates": {
            "checkin": "2018-01-01",
            "checkout": "2019-01-01"
        },
        "additionalneeds": "Breakfast"
    }
}
]]></system-out>
  </testcase>
  <testcase name="postBookSerialization" classname="BookingTests" time="0.703">
    <failure message="1 expectation failed.&#10;Expected status code &lt;200&gt; but was &lt;500&gt;.&#10;" type="java.lang.AssertionError"><![CDATA[java.lang.AssertionError: 
1 expectation failed.
Expected status code <200> but was <500>.

	at BookingTests.postBookSerialization(BookingTests.java:98)
]]></failure>
    <system-out><![CDATA[Request method:	POST
Request URI:	https://restful-booker.herokuapp.com/auth
Proxy:			<none>
Request params:	<none>
Query params:	<none>
Form params:	<none>
Path params:	<none>
Headers:		Accept=*/*
				Content-Type=application/json; charset=UTF-8
Cookies:		<none>
Multiparts:		<none>
Body:
{
    "username": "admin",
    "password": "password123"
}
io.restassured.internal.ValidatableResponseImpl@3481ff98
Request method:	GET
Request URI:	https://restful-booker.herokuapp.com/ping
Proxy:			<none>
Request params:	<none>
Query params:	<none>
Form params:	<none>
Path params:	<none>
Headers:		Accept=*/*
				Content-Type=application/json; charset=UTF-8
Cookies:		<none>
Multiparts:		<none>
Body:			<none>
Created
Created
Request method:	POST
Request URI:	https://restful-booker.herokuapp.com/auth
Proxy:			<none>
Request params:	<none>
Query params:	<none>
Form params:	<none>
Path params:	<none>
Headers:		Accept=*/*
				Content-Type=application/json; charset=UTF-8
Cookies:		<none>
Multiparts:		<none>
Body:
{
    "username": "admin",
    "password": "password123"
}
io.restassured.internal.ValidatableResponseImpl@167381c7
Request method:	GET
Request URI:	https://restful-booker.herokuapp.com/ping
Proxy:			<none>
Request params:	<none>
Query params:	<none>
Form params:	<none>
Path params:	<none>
Headers:		Accept=*/*
				Content-Type=application/json; charset=UTF-8
Cookies:		<none>
Multiparts:		<none>
Body:			<none>
Created
Created
Request method:	POST
Request URI:	https://restful-booker.herokuapp.com/booking
Proxy:			<none>
Request params:	<none>
Query params:	<none>
Form params:	<none>
Path params:	<none>
Headers:		Accept=*/*
				Content-Type=application/json; charset=UTF-8
Cookies:		<none>
Multiparts:		<none>
Body:
{
    "firstname": "jim",
    "bookingdates.checkin": "2020-08-02",
    "bookingdates.checkout": "2030-08-02",
    "totalprice": "jim",
    "depositpaid": "jim",
    "lastname": "jim"
}
]]></system-out>
  </testcase>
  <testcase name="pingTest" classname="BookingTests" time="0.718">
    <system-out><![CDATA[Request method:	POST
Request URI:	https://restful-booker.herokuapp.com/auth
Proxy:			<none>
Request params:	<none>
Query params:	<none>
Form params:	<none>
Path params:	<none>
Headers:		Accept=*/*
				Content-Type=application/json; charset=UTF-8
Cookies:		<none>
Multiparts:		<none>
Body:
{
    "username": "admin",
    "password": "password123"
}
io.restassured.internal.ValidatableResponseImpl@75b6dd5b
Request method:	GET
Request URI:	https://restful-booker.herokuapp.com/ping
Proxy:			<none>
Request params:	<none>
Query params:	<none>
Form params:	<none>
Path params:	<none>
Headers:		Accept=*/*
				Content-Type=application/json; charset=UTF-8
Cookies:		<none>
Multiparts:		<none>
Body:			<none>
Created
Created
Request method:	POST
Request URI:	https://restful-booker.herokuapp.com/auth
Proxy:			<none>
Request params:	<none>
Query params:	<none>
Form params:	<none>
Path params:	<none>
Headers:		Accept=*/*
				Content-Type=application/json; charset=UTF-8
Cookies:		<none>
Multiparts:		<none>
Body:
{
    "username": "admin",
    "password": "password123"
}
io.restassured.internal.ValidatableResponseImpl@3ff54f3d
Request method:	GET
Request URI:	https://restful-booker.herokuapp.com/ping
Proxy:			<none>
Request params:	<none>
Query params:	<none>
Form params:	<none>
Path params:	<none>
Headers:		Accept=*/*
				Content-Type=application/json; charset=UTF-8
Cookies:		<none>
Multiparts:		<none>
Body:			<none>
Created
Created
Request method:	GET
Request URI:	https://restful-booker.herokuapp.com/ping
Proxy:			<none>
Request params:	<none>
Query params:	<none>
Form params:	<none>
Path params:	<none>
Headers:		Accept=*/*
				Content-Type=application/json; charset=UTF-8
Cookies:		<none>
Multiparts:		<none>
Body:			<none>
Created
Created
]]></system-out>
  </testcase>
  <testcase name="getBookId" classname="PingTest" time="0.751">
    <system-out><![CDATA[Request method:	POST
Request URI:	https://restful-booker.herokuapp.com/auth
Proxy:			<none>
Request params:	<none>
Query params:	<none>
Form params:	<none>
Path params:	<none>
Headers:		Accept=*/*
				Content-Type=application/json; charset=UTF-8
Cookies:		<none>
Multiparts:		<none>
Body:
{
    "username": "admin",
    "password": "password123"
}
io.restassured.internal.ValidatableResponseImpl@4519f676
Request method:	GET
Request URI:	https://restful-booker.herokuapp.com/ping
Proxy:			<none>
Request params:	<none>
Query params:	<none>
Form params:	<none>
Path params:	<none>
Headers:		Accept=*/*
				Content-Type=application/json; charset=UTF-8
Cookies:		<none>
Multiparts:		<none>
Body:			<none>
Created
Created
Request method:	GET
Request URI:	https://restful-booker.herokuapp.com/booking
Proxy:			<none>
Request params:	<none>
Query params:	<none>
Form params:	<none>
Path params:	<none>
Headers:		Accept=*/*
				Content-Type=application/json; charset=UTF-8
Cookies:		<none>
Multiparts:		<none>
Body:			<none>
[
    {
        "bookingid": 19
    },
    {
        "bookingid": 18
    },
    {
        "bookingid": 25
    },
    {
        "bookingid": 21
    },
    {
        "bookingid": 13
    },
    {
        "bookingid": 15
    },
    {
        "bookingid": 22
    },
    {
        "bookingid": 14
    },
    {
        "bookingid": 9
    },
    {
        "bookingid": 10
    },
    {
        "bookingid": 17
    },
    {
        "bookingid": 3
    },
    {
        "bookingid": 6
    },
    {
        "bookingid": 20
    },
    {
        "bookingid": 16
    },
    {
        "bookingid": 11
    },
    {
        "bookingid": 1
    },
    {
        "bookingid": 23
    },
    {
        "bookingid": 8
    },
    {
        "bookingid": 12
    },
    {
        "bookingid": 7
    },
    {
        "bookingid": 2
    },
    {
        "bookingid": 4
    },
    {
        "bookingid": 5
    },
    {
        "bookingid": 24
    }
]
[
    {
        "bookingid": 19
    },
    {
        "bookingid": 18
    },
    {
        "bookingid": 25
    },
    {
        "bookingid": 21
    },
    {
        "bookingid": 13
    },
    {
        "bookingid": 15
    },
    {
        "bookingid": 22
    },
    {
        "bookingid": 14
    },
    {
        "bookingid": 9
    },
    {
        "bookingid": 10
    },
    {
        "bookingid": 17
    },
    {
        "bookingid": 3
    },
    {
        "bookingid": 6
    },
    {
        "bookingid": 20
    },
    {
        "bookingid": 16
    },
    {
        "bookingid": 11
    },
    {
        "bookingid": 1
    },
    {
        "bookingid": 23
    },
    {
        "bookingid": 8
    },
    {
        "bookingid": 12
    },
    {
        "bookingid": 7
    },
    {
        "bookingid": 2
    },
    {
        "bookingid": 4
    },
    {
        "bookingid": 5
    },
    {
        "bookingid": 24
    }
]
]]></system-out>
  </testcase>
  <testcase name="pingTest" classname="PingTest" time="0.734">
    <system-out><![CDATA[Request method:	POST
Request URI:	https://restful-booker.herokuapp.com/auth
Proxy:			<none>
Request params:	<none>
Query params:	<none>
Form params:	<none>
Path params:	<none>
Headers:		Accept=*/*
				Content-Type=application/json; charset=UTF-8
Cookies:		<none>
Multiparts:		<none>
Body:
{
    "username": "admin",
    "password": "password123"
}
io.restassured.internal.ValidatableResponseImpl@3a401749
Request method:	GET
Request URI:	https://restful-booker.herokuapp.com/ping
Proxy:			<none>
Request params:	<none>
Query params:	<none>
Form params:	<none>
Path params:	<none>
Headers:		Accept=*/*
				Content-Type=application/json; charset=UTF-8
Cookies:		<none>
Multiparts:		<none>
Body:			<none>
Created
Created
Request method:	GET
Request URI:	https://restful-booker.herokuapp.com/ping
Proxy:			<none>
Request params:	<none>
Query params:	<none>
Form params:	<none>
Path params:	<none>
Headers:		Accept=*/*
				Content-Type=application/json; charset=UTF-8
Cookies:		<none>
Multiparts:		<none>
Body:			<none>
Created
Created
]]></system-out>
  </testcase>
</testsuite>